<?xml version="1.0" encoding="UTF-8"?>
<!-- Generated by org.testng.reporters.JUnitXMLReporter -->
<testsuite ignored="0" hostname="Vivaan" failures="0" tests="3" name="Default test" time="3.161" errors="0" timestamp="2023-10-17T08:58:00 CDT">
  <testcase classname="allureReport.allureDemo_Report" name="logodisplay" time="0.053"/>
  <testcase classname="allureReport.allureDemo_Report" name="login" time="0.645"/>
  <testcase classname="allureReport.allureDemo_Report" name="endprogram" time="0.139"/>
</testsuite> <!-- Default test -->
