<?xml version="1.0" encoding="UTF-8"?>
<!-- Generated by org.testng.reporters.JUnitXMLReporter -->
<testsuite ignored="0" hostname="Vivaan" failures="0" tests="3" name="allureReports" time="6.349" errors="0" timestamp="2023-02-22T03:47:21 CST">
  <testcase classname="allureReport.allureDemo_Report" name="logodisplay" time="0.051"/>
  <testcase classname="allureReport.allureDemo_Report" name="login" time="1.227"/>
  <testcase classname="allureReport.allureDemo_Report" name="endprogram" time="0.202"/>
</testsuite> <!-- allureReports -->
