<?xml version="1.0" encoding="UTF-8"?>
<testng-results ignored="0" total="3" passed="3" failed="0" skipped="0">
  <reporter-output>
  </reporter-output>
  <suite started-at="2023-10-17T08:57:57 CDT" name="Default suite" finished-at="2023-10-17T08:58:00 CDT" duration-ms="3161">
    <groups>
    </groups>
    <test started-at="2023-10-17T08:57:57 CDT" name="Default test" finished-at="2023-10-17T08:58:00 CDT" duration-ms="3161">
      <class name="allureReport.allureDemo_Report">
        <test-method is-config="true" signature="setup()[pri:0, instance:allureReport.allureDemo_Report@61fe30]" started-at="2023-10-17T08:57:57 CDT" name="setup" finished-at="2023-10-17T08:57:59 CDT" duration-ms="2234" status="PASS">
          <reporter-output>
          </reporter-output>
        </test-method> <!-- setup -->
        <test-method signature="logodisplay()[pri:1, instance:allureReport.allureDemo_Report@61fe30]" started-at="2023-10-17T08:57:59 CDT" name="logodisplay" description="Display the website logo" finished-at="2023-10-17T08:57:59 CDT" duration-ms="53" status="PASS">
          <reporter-output>
          </reporter-output>
        </test-method> <!-- logodisplay -->
        <test-method signature="login()[pri:2, instance:allureReport.allureDemo_Report@61fe30]" started-at="2023-10-17T08:57:59 CDT" name="login" description="Valid login scenario with valid username and password" finished-at="2023-10-17T08:58:00 CDT" duration-ms="645" status="PASS">
          <reporter-output>
          </reporter-output>
        </test-method> <!-- login -->
        <test-method signature="endprogram()[pri:3, instance:allureReport.allureDemo_Report@61fe30]" started-at="2023-10-17T08:58:00 CDT" name="endprogram" finished-at="2023-10-17T08:58:00 CDT" duration-ms="139" status="PASS">
          <reporter-output>
          </reporter-output>
        </test-method> <!-- endprogram -->
      </class> <!-- allureReport.allureDemo_Report -->
    </test> <!-- Default test -->
  </suite> <!-- Default suite -->
</testng-results>
